<?xml version="1.0" encoding="utf-8" standalone="no"?>
<!--This file represents the results of running a test suite-->
<test-results name="C:\DATA\Projects\nhibernate\1.2.x\NH-spare1\build\NHibernate-1.2.1.GA\bin\net-2.0\NHibernate.Caches.Prevalence.Tests.dll" total="16" failures="0" not-run="0" date="2007-11-24" time="05:25:03">
  <environment nunit-version="2.2.8.0" clr-version="2.0.50727.832" os-version="Microsoft Windows NT 5.1.2600 Service Pack 2" platform="Win32NT" cwd="C:\DATA\Projects\nhibernate\1.2.x\NH-spare1" machine-name="CORP-2B5TWB1" user="kchu" user-domain="LIFEMARK" />
  <culture-info current-culture="en-CA" current-uiculture="en-US" />
  <test-suite name="C:\DATA\Projects\nhibernate\1.2.x\NH-spare1\build\NHibernate-1.2.1.GA\bin\net-2.0\NHibernate.Caches.Prevalence.Tests.dll" success="True" time="0.844" asserts="0">
    <results>
      <test-suite name="NHibernate" success="True" time="0.828" asserts="0">
        <results>
          <test-suite name="NHibernate.Caches" success="True" time="0.828" asserts="0">
            <results>
              <test-suite name="NHibernate.Caches.Prevalence" success="True" time="0.828" asserts="0">
                <results>
                  <test-suite name="NHibernate.Caches.Prevalence.Tests" success="True" time="0.828" asserts="0">
                    <results>
                      <test-suite name="NHibernate.Caches.Prevalence.Tests.PrevalenceCacheFixture" success="True" time="0.797" asserts="0">
                        <results>
                          <test-case name="NHibernate.Caches.Prevalence.Tests.PrevalenceCacheFixture.TestPut" executed="True" success="True" time="0.094" asserts="4" />
                          <test-case name="NHibernate.Caches.Prevalence.Tests.PrevalenceCacheFixture.TestRemove" executed="True" success="True" time="0.078" asserts="3" />
                          <test-case name="NHibernate.Caches.Prevalence.Tests.PrevalenceCacheFixture.TestClear" executed="True" success="True" time="0.125" asserts="3" />
                          <test-case name="NHibernate.Caches.Prevalence.Tests.PrevalenceCacheFixture.TestDefaultConstructor" executed="True" success="True" time="0.000" asserts="1" />
                          <test-case name="NHibernate.Caches.Prevalence.Tests.PrevalenceCacheFixture.TestNoPropertiesConstructor" executed="True" success="True" time="0.000" asserts="1" />
                          <test-case name="NHibernate.Caches.Prevalence.Tests.PrevalenceCacheFixture.TestEmptyProperties" executed="True" success="True" time="0.000" asserts="1" />
                          <test-case name="NHibernate.Caches.Prevalence.Tests.PrevalenceCacheFixture.TestNullKeyPut" executed="True" success="True" time="0.031" asserts="0" />
                          <test-case name="NHibernate.Caches.Prevalence.Tests.PrevalenceCacheFixture.TestNullValuePut" executed="True" success="True" time="0.000" asserts="0" />
                          <test-case name="NHibernate.Caches.Prevalence.Tests.PrevalenceCacheFixture.TestNullKeyGet" executed="True" success="True" time="0.031" asserts="1" />
                          <test-case name="NHibernate.Caches.Prevalence.Tests.PrevalenceCacheFixture.TestNullKeyRemove" executed="True" success="True" time="0.000" asserts="0" />
                          <test-case name="NHibernate.Caches.Prevalence.Tests.PrevalenceCacheFixture.TestRegions" executed="True" success="True" time="0.094" asserts="1" />
                          <test-case name="NHibernate.Caches.Prevalence.Tests.PrevalenceCacheFixture.TestNonEqualObjectsWithEqualHashCodeAndToString" executed="True" success="True" time="0.078" asserts="3" />
                        </results>
                      </test-suite>
                      <test-suite name="NHibernate.Caches.Prevalence.Tests.PrevalenceCacheProviderFixture" success="True" time="0.016" asserts="0">
                        <results>
                          <test-case name="NHibernate.Caches.Prevalence.Tests.PrevalenceCacheProviderFixture.TestBuildCacheNullNull" executed="True" success="True" time="0.016" asserts="1" />
                          <test-case name="NHibernate.Caches.Prevalence.Tests.PrevalenceCacheProviderFixture.TestBuildCacheStringNull" executed="True" success="True" time="0.000" asserts="1" />
                          <test-case name="NHibernate.Caches.Prevalence.Tests.PrevalenceCacheProviderFixture.TestBuildCacheStringICollection" executed="True" success="True" time="0.000" asserts="3" />
                          <test-case name="NHibernate.Caches.Prevalence.Tests.PrevalenceCacheProviderFixture.TestNextTimestamp" executed="True" success="True" time="0.000" asserts="1" />
                        </results>
                      </test-suite>
                    </results>
                  </test-suite>
                </results>
              </test-suite>
            </results>
          </test-suite>
        </results>
      </test-suite>
    </results>
  </test-suite>
</test-results>