<?xml version="1.0" encoding="utf-8" standalone="no"?>
<!--This file represents the results of running a test suite-->
<test-results name="C:\DATA\Projects\nhibernate\1.2.x\NH-spare1\build\NHibernate-1.2.1.GA\bin\net-2.0\NHibernate.Tool.hbm2net.Tests.dll" total="8" failures="0" not-run="0" date="2007-11-24" time="05:25:10">
  <environment nunit-version="2.2.8.0" clr-version="2.0.50727.832" os-version="Microsoft Windows NT 5.1.2600 Service Pack 2" platform="Win32NT" cwd="C:\DATA\Projects\nhibernate\1.2.x\NH-spare1" machine-name="CORP-2B5TWB1" user="kchu" user-domain="LIFEMARK" />
  <culture-info current-culture="en-CA" current-uiculture="en-US" />
  <test-suite name="C:\DATA\Projects\nhibernate\1.2.x\NH-spare1\build\NHibernate-1.2.1.GA\bin\net-2.0\NHibernate.Tool.hbm2net.Tests.dll" success="True" time="0.609" asserts="0">
    <results>
      <test-suite name="NHibernate" success="True" time="0.609" asserts="0">
        <results>
          <test-suite name="NHibernate.Tool" success="True" time="0.609" asserts="0">
            <results>
              <test-suite name="NHibernate.Tool.hbm2net" success="True" time="0.609" asserts="0">
                <results>
                  <test-suite name="NHibernate.Tool.hbm2net.Tests" success="True" time="0.609" asserts="0">
                    <results>
                      <test-suite name="NHibernate.Tool.hbm2net.Tests.ClassNameTests" success="True" time="0.063" asserts="0">
                        <results>
                          <test-case name="NHibernate.Tool.hbm2net.Tests.ClassNameTests.AssemblyNameWithDots" executed="True" success="True" time="0.063" asserts="3" />
                        </results>
                      </test-suite>
                      <test-suite name="NHibernate.Tool.hbm2net.Tests.SimpleMappingFileConfigFileNoOutputArgsTests" success="True" time="0.516" asserts="0">
                        <categories>
                          <category name="Functional Tests" />
                        </categories>
                        <results>
                          <test-case name="NHibernate.Tool.hbm2net.Tests.SimpleMappingFileConfigFileNoOutputArgsTests.TemplateFileRelativeToConfig" executed="True" success="True" time="0.484" asserts="7" />
                          <test-case name="NHibernate.Tool.hbm2net.Tests.SimpleMappingFileConfigFileNoOutputArgsTests.NoTemplateFileParam" executed="True" success="True" time="0.016" asserts="5" />
                          <test-case name="NHibernate.Tool.hbm2net.Tests.SimpleMappingFileConfigFileNoOutputArgsTests.TemplateFileDoesNotExist" executed="True" success="True" time="0.016" asserts="4" />
                        </results>
                      </test-suite>
                      <test-suite name="NHibernate.Tool.hbm2net.Tests.SimpleMappingFileNoConfigNoOutputArgsTests" success="True" time="0.031" asserts="0">
                        <categories>
                          <category name="Functional Tests" />
                        </categories>
                        <results>
                          <test-case name="NHibernate.Tool.hbm2net.Tests.SimpleMappingFileNoConfigNoOutputArgsTests.MappingFileNoPathSameFolderAsCurrentDirectory" executed="True" success="True" time="0.016" asserts="2" />
                          <test-case name="NHibernate.Tool.hbm2net.Tests.SimpleMappingFileNoConfigNoOutputArgsTests.MappingFileInSameFolderAsCurrentDirectory" executed="True" success="True" time="0.000" asserts="3" />
                          <test-case name="NHibernate.Tool.hbm2net.Tests.SimpleMappingFileNoConfigNoOutputArgsTests.MappingFileDoesNotExist" executed="True" success="True" time="0.000" asserts="0" />
                          <test-case name="NHibernate.Tool.hbm2net.Tests.SimpleMappingFileNoConfigNoOutputArgsTests.MappingFileInDifferentFolderThanCurrentDirectory" executed="True" success="True" time="0.016" asserts="2" />
                        </results>
                      </test-suite>
                    </results>
                  </test-suite>
                </results>
              </test-suite>
            </results>
          </test-suite>
        </results>
      </test-suite>
    </results>
  </test-suite>
</test-results>